{
  "RSpec": {
    "coverage": {
      "/Users/luizlopes/Documents/gui/projetos/meus_projetos/cursos/campus_code/rails/milababies/app/helpers/application_helper.rb": [
        1,
        null
      ],
      "/Users/luizlopes/Documents/gui/projetos/meus_projetos/cursos/campus_code/rails/milababies/app/models/au_pair.rb": [
        1,
        null
      ],
      "/Users/luizlopes/Documents/gui/projetos/meus_projetos/cursos/campus_code/rails/milababies/app/models/application_record.rb": [
        1,
        1,
        null
      ],
      "/Users/luizlopes/Documents/gui/projetos/meus_projetos/cursos/campus_code/rails/milababies/app/controllers/home_controller.rb": [
        1,
        null,
        1,
        null,
        null,
        null
      ],
      "/Users/luizlopes/Documents/gui/projetos/meus_projetos/cursos/campus_code/rails/milababies/app/controllers/application_controller.rb": [
        1,
        null
      ],
      "/Users/luizlopes/Documents/gui/projetos/meus_projetos/cursos/campus_code/rails/milababies/app/controllers/au_pairs_controller.rb": [
        1,
        null,
        1,
        2,
        null,
        null,
        null
      ],
      "/Users/luizlopes/Documents/gui/projetos/meus_projetos/cursos/campus_code/rails/milababies/app/channels/application_cable/channel.rb": [
        0,
        0,
        0,
        0
      ],
      "/Users/luizlopes/Documents/gui/projetos/meus_projetos/cursos/campus_code/rails/milababies/app/channels/application_cable/connection.rb": [
        0,
        0,
        0,
        0
      ],
      "/Users/luizlopes/Documents/gui/projetos/meus_projetos/cursos/campus_code/rails/milababies/app/jobs/application_job.rb": [
        0,
        0
      ],
      "/Users/luizlopes/Documents/gui/projetos/meus_projetos/cursos/campus_code/rails/milababies/app/mailers/application_mailer.rb": [
        0,
        0,
        0,
        0
      ]
    },
    "timestamp": 1532232294
  }
}
